<?xml version="1.0" encoding="UTF-8"?>
<testng-results skipped="0" failed="0" ignored="0" total="1" passed="1">
  <reporter-output>
  </reporter-output>
  <suite name="Default suite" duration-ms="792" started-at="2023-01-31T17:33:56 IST" finished-at="2023-01-31T17:33:56 IST">
    <groups>
    </groups>
    <test name="Default test" duration-ms="792" started-at="2023-01-31T17:33:56 IST" finished-at="2023-01-31T17:33:56 IST">
      <class name="basics.PdfReaderlearningTest">
        <test-method status="PASS" signature="PDFreader()[pri:0, instance:basics.PdfReaderlearningTest@670b40af]" name="PDFreader" duration-ms="731" started-at="2023-01-31T17:33:56 IST" finished-at="2023-01-31T17:33:56 IST">
          <reporter-output>
          </reporter-output>
        </test-method> <!-- PDFreader -->
      </class> <!-- basics.PdfReaderlearningTest -->
    </test> <!-- Default test -->
  </suite> <!-- Default suite -->
</testng-results>
